# JRE version: Java(TM) SE Runtime Environment (9.0+11) (build 9.0.4+11)
# Java VM: Java HotSpot(TM) 64-Bit Server VM (9.0.4+11, mixed mode, tiered, compressed oops, g1 gc, windows-amd64)
Heap:
 garbage-first heap   total 664576K, used 118208K [0x00000000c0000000, 0x00000000c0101448, 0x0000000100000000)
  region size 1024K, 11 young (11264K), 4 survivors (4096K)
 Metaspace       used 11426K, capacity 11577K, committed 11776K, reserved 1060864K
  class space    used 957K, capacity 1006K, committed 1024K, reserved 1048576K
GC Heap History (10 events):
Event: 7.288 GC heap before
{Heap before GC invocations=22 (full 0):
 garbage-first heap   total 408576K, used 76305K [0x00000000c0000000, 0x00000000c0100c78, 0x0000000100000000)
  region size 1024K, 19 young (19456K), 1 survivors (1024K)
 Metaspace       used 11136K, capacity 11289K, committed 11520K, reserved 1060864K
  class space    used 941K, capacity 974K, committed 1024K, reserved 1048576K
}
Event: 7.349 GC heap after
{Heap after GC invocations=23 (full 0):
 garbage-first heap   total 408576K, used 57873K [0x00000000c0000000, 0x00000000c0100c78, 0x0000000100000000)
  region size 1024K, 1 young (1024K), 1 survivors (1024K)
 Metaspace       used 11136K, capacity 11289K, committed 11520K, reserved 1060864K
  class space    used 941K, capacity 974K, committed 1024K, reserved 1048576K
}
Event: 7.424 GC heap before
{Heap before GC invocations=23 (full 0):
 garbage-first heap   total 408576K, used 76305K [0x00000000c0000000, 0x00000000c0100c78, 0x0000000100000000)
  region size 1024K, 19 young (19456K), 1 survivors (1024K)
 Metaspace       used 11136K, capacity 11289K, committed 11520K, reserved 1060864K
  class space    used 941K, capacity 974K, committed 1024K, reserved 1048576K
}
Event: 7.490 GC heap after
{Heap after GC invocations=24 (full 0):
 garbage-first heap   total 408576K, used 57873K [0x00000000c0000000, 0x00000000c0100c78, 0x0000000100000000)
  region size 1024K, 1 young (1024K), 1 survivors (1024K)
 Metaspace       used 11136K, capacity 11289K, committed 11520K, reserved 1060864K
  class space    used 941K, capacity 974K, committed 1024K, reserved 1048576K
}
Event: 7.574 GC heap before
{Heap before GC invocations=24 (full 0):
 garbage-first heap   total 408576K, used 76305K [0x00000000c0000000, 0x00000000c0100c78, 0x0000000100000000)
  region size 1024K, 19 young (19456K), 1 survivors (1024K)
 Metaspace       used 11136K, capacity 11289K, committed 11520K, reserved 1060864K
  class space    used 941K, capacity 974K, committed 1024K, reserved 1048576K
}
Event: 7.658 GC heap after
{Heap after GC invocations=25 (full 0):
 garbage-first heap   total 664576K, used 57873K [0x00000000c0000000, 0x00000000c0101448, 0x0000000100000000)
  region size 1024K, 1 young (1024K), 1 survivors (1024K)
 Metaspace       used 11136K, capacity 11289K, committed 11520K, reserved 1060864K
  class space    used 941K, capacity 974K, committed 1024K, reserved 1048576K
}
Event: 7.704 GC heap before
{Heap before GC invocations=25 (full 0):
 garbage-first heap   total 664576K, used 89617K [0x00000000c0000000, 0x00000000c0101448, 0x0000000100000000)
  region size 1024K, 32 young (32768K), 1 survivors (1024K)
 Metaspace       used 11136K, capacity 11289K, committed 11520K, reserved 1060864K
  class space    used 941K, capacity 974K, committed 1024K, reserved 1048576K
}
Event: 7.799 GC heap after
{Heap after GC invocations=26 (full 0):
 garbage-first heap   total 664576K, used 83640K [0x00000000c0000000, 0x00000000c0101448, 0x0000000100000000)
  region size 1024K, 4 young (4096K), 4 survivors (4096K)
 Metaspace       used 11136K, capacity 11289K, committed 11520K, reserved 1060864K
  class space    used 941K, capacity 974K, committed 1024K, reserved 1048576K
}
Event: 8.026 GC heap before
{Heap before GC invocations=26 (full 0):
 garbage-first heap   total 664576K, used 112312K [0x00000000c0000000, 0x00000000c0101448, 0x0000000100000000)
  region size 1024K, 32 young (32768K), 4 survivors (4096K)
 Metaspace       used 11144K, capacity 11289K, committed 11520K, reserved 1060864K
  class space    used 942K, capacity 974K, committed 1024K, reserved 1048576K
}
Event: 8.231 GC heap after
{Heap after GC invocations=27 (full 0):
 garbage-first heap   total 664576K, used 112064K [0x00000000c0000000, 0x00000000c0101448, 0x0000000100000000)
  region size 1024K, 4 young (4096K), 4 survivors (4096K)
 Metaspace       used 11144K, capacity 11289K, committed 11520K, reserved 1060864K
  class space    used 942K, capacity 974K, committed 1024K, reserved 1048576K
}

